# JRE version: Java(TM) SE Runtime Environment (21.0.7+8) (build 21.0.7+8-LTS-245)
# Java VM: Java HotSpot(TM) 64-Bit Server VM (21.0.7+8-LTS-245, mixed mode, sharing, tiered, compressed oops, compressed class ptrs, g1 gc, windows-amd64)
GC Precious Log:
 CardTable entry size: 512
 Card Set container configuration: InlinePtr #cards 4 size 8 Array Of Cards #cards 16 size 48 Howl #buckets 8 coarsen threshold 3686 Howl Bitmap #cards 512 size 80 coarsen threshold 460 Card regions per heap region 1 cards per card region 4096
 CPUs: 8 total, 8 available
 Memory: 15761M
 Large Page Support: Disabled
 NUMA Support: Disabled
 Compressed Oops: Enabled (Zero based)
 Heap Region Size: 2M
 Heap Min Capacity: 8M
 Heap Initial Capacity: 248M
 Heap Max Capacity: 3942M
 Pre-touch: Disabled
 Parallel Workers: 8
 Concurrent Workers: 2
 Concurrent Refinement Workers: 8
 Periodic GC: Disabled
Heap:
 garbage-first heap   total 157696K, used 120838K [0x0000000709a00000, 0x0000000800000000)
  region size 2048K, 39 young (79872K), 1 survivors (2048K)
 Metaspace       used 86824K, committed 87680K, reserved 1179648K
  class space    used 11297K, committed 11712K, reserved 1048576K
GC Heap History (20 events):
Event: 33279.981 GC heap before
{Heap before GC invocations=70 (full 0):
 garbage-first heap   total 157696K, used 137111K [0x0000000709a00000, 0x0000000800000000)
  region size 2048K, 46 young (94208K), 1 survivors (2048K)
 Metaspace       used 86741K, committed 87616K, reserved 1179648K
  class space    used 11295K, committed 11712K, reserved 1048576K
}
Event: 33279.988 GC heap after
{Heap after GC invocations=71 (full 0):
 garbage-first heap   total 157696K, used 45003K [0x0000000709a00000, 0x0000000800000000)
  region size 2048K, 1 young (2048K), 1 survivors (2048K)
 Metaspace       used 86741K, committed 87616K, reserved 1179648K
  class space    used 11295K, committed 11712K, reserved 1048576K
}
Event: 33604.234 GC heap before
{Heap before GC invocations=71 (full 0):
 garbage-first heap   total 157696K, used 137163K [0x0000000709a00000, 0x0000000800000000)
  region size 2048K, 46 young (94208K), 1 survivors (2048K)
 Metaspace       used 86741K, committed 87616K, reserved 1179648K
  class space    used 11295K, committed 11712K, reserved 1048576K
}
Event: 33604.236 GC heap after
{Heap after GC invocations=72 (full 0):
 garbage-first heap   total 157696K, used 45047K [0x0000000709a00000, 0x0000000800000000)
  region size 2048K, 1 young (2048K), 1 survivors (2048K)
 Metaspace       used 86741K, committed 87616K, reserved 1179648K
  class space    used 11295K, committed 11712K, reserved 1048576K
}
Event: 36487.505 GC heap before
{Heap before GC invocations=72 (full 0):
 garbage-first heap   total 157696K, used 137207K [0x0000000709a00000, 0x0000000800000000)
  region size 2048K, 46 young (94208K), 1 survivors (2048K)
 Metaspace       used 86756K, committed 87616K, reserved 1179648K
  class space    used 11295K, committed 11712K, reserved 1048576K
}
Event: 36487.508 GC heap after
{Heap after GC invocations=73 (full 0):
 garbage-first heap   total 157696K, used 45009K [0x0000000709a00000, 0x0000000800000000)
  region size 2048K, 1 young (2048K), 1 survivors (2048K)
 Metaspace       used 86756K, committed 87616K, reserved 1179648K
  class space    used 11295K, committed 11712K, reserved 1048576K
}
Event: 36843.953 GC heap before
{Heap before GC invocations=73 (full 0):
 garbage-first heap   total 157696K, used 137169K [0x0000000709a00000, 0x0000000800000000)
  region size 2048K, 46 young (94208K), 1 survivors (2048K)
 Metaspace       used 86759K, committed 87616K, reserved 1179648K
  class space    used 11295K, committed 11712K, reserved 1048576K
}
Event: 36843.963 GC heap after
{Heap after GC invocations=74 (full 0):
 garbage-first heap   total 157696K, used 44954K [0x0000000709a00000, 0x0000000800000000)
  region size 2048K, 1 young (2048K), 1 survivors (2048K)
 Metaspace       used 86759K, committed 87616K, reserved 1179648K
  class space    used 11295K, committed 11712K, reserved 1048576K
}
Event: 37203.923 GC heap before
{Heap before GC invocations=74 (full 0):
 garbage-first heap   total 157696K, used 137114K [0x0000000709a00000, 0x0000000800000000)
  region size 2048K, 46 young (94208K), 1 survivors (2048K)
 Metaspace       used 86759K, committed 87616K, reserved 1179648K
  class space    used 11295K, committed 11712K, reserved 1048576K
}
Event: 37203.934 GC heap after
{Heap after GC invocations=75 (full 0):
 garbage-first heap   total 157696K, used 44939K [0x0000000709a00000, 0x0000000800000000)
  region size 2048K, 1 young (2048K), 1 survivors (2048K)
 Metaspace       used 86759K, committed 87616K, reserved 1179648K
  class space    used 11295K, committed 11712K, reserved 1048576K
}
Event: 37560.921 GC heap before
{Heap before GC invocations=75 (full 0):
 garbage-first heap   total 157696K, used 137099K [0x0000000709a00000, 0x0000000800000000)
  region size 2048K, 46 young (94208K), 1 survivors (2048K)
 Metaspace       used 86774K, committed 87680K, reserved 1179648K
  class space    used 11297K, committed 11712K, reserved 1048576K
}
Event: 37560.925 GC heap after
{Heap after GC invocations=76 (full 0):
 garbage-first heap   total 157696K, used 45049K [0x0000000709a00000, 0x0000000800000000)
  region size 2048K, 1 young (2048K), 1 survivors (2048K)
 Metaspace       used 86774K, committed 87680K, reserved 1179648K
  class space    used 11297K, committed 11712K, reserved 1048576K
}
Event: 37915.301 GC heap before
{Heap before GC invocations=76 (full 0):
 garbage-first heap   total 157696K, used 137209K [0x0000000709a00000, 0x0000000800000000)
  region size 2048K, 46 young (94208K), 1 survivors (2048K)
 Metaspace       used 86781K, committed 87680K, reserved 1179648K
  class space    used 11297K, committed 11712K, reserved 1048576K
}
Event: 37915.304 GC heap after
{Heap after GC invocations=77 (full 0):
 garbage-first heap   total 157696K, used 45001K [0x0000000709a00000, 0x0000000800000000)
  region size 2048K, 1 young (2048K), 1 survivors (2048K)
 Metaspace       used 86781K, committed 87680K, reserved 1179648K
  class space    used 11297K, committed 11712K, reserved 1048576K
}
Event: 38271.517 GC heap before
{Heap before GC invocations=77 (full 0):
 garbage-first heap   total 157696K, used 137161K [0x0000000709a00000, 0x0000000800000000)
  region size 2048K, 46 young (94208K), 1 survivors (2048K)
 Metaspace       used 86792K, committed 87680K, reserved 1179648K
  class space    used 11297K, committed 11712K, reserved 1048576K
}
Event: 38271.521 GC heap after
{Heap after GC invocations=78 (full 0):
 garbage-first heap   total 157696K, used 44942K [0x0000000709a00000, 0x0000000800000000)
  region size 2048K, 1 young (2048K), 1 survivors (2048K)
 Metaspace       used 86792K, committed 87680K, reserved 1179648K
  class space    used 11297K, committed 11712K, reserved 1048576K
}
Event: 38633.786 GC heap before
{Heap before GC invocations=78 (full 0):
 garbage-first heap   total 157696K, used 137102K [0x0000000709a00000, 0x0000000800000000)
  region size 2048K, 46 young (94208K), 1 survivors (2048K)
 Metaspace       used 86794K, committed 87680K, reserved 1179648K
  class space    used 11297K, committed 11712K, reserved 1048576K
}
Event: 38633.795 GC heap after
{Heap after GC invocations=79 (full 0):
 garbage-first heap   total 157696K, used 44974K [0x0000000709a00000, 0x0000000800000000)
  region size 2048K, 1 young (2048K), 1 survivors (2048K)
 Metaspace       used 86794K, committed 87680K, reserved 1179648K
  class space    used 11297K, committed 11712K, reserved 1048576K
}
Event: 38989.565 GC heap before
{Heap before GC invocations=79 (full 0):
 garbage-first heap   total 157696K, used 137134K [0x0000000709a00000, 0x0000000800000000)
  region size 2048K, 46 young (94208K), 1 survivors (2048K)
 Metaspace       used 86802K, committed 87680K, reserved 1179648K
  class space    used 11297K, committed 11712K, reserved 1048576K
}
Event: 38989.569 GC heap after
{Heap after GC invocations=80 (full 0):
 garbage-first heap   total 157696K, used 45062K [0x0000000709a00000, 0x0000000800000000)
  region size 2048K, 1 young (2048K), 1 survivors (2048K)
 Metaspace       used 86802K, committed 87680K, reserved 1179648K
  class space    used 11297K, committed 11712K, reserved 1048576K
}

